2015-11-22 21:51:13,354 - mylogger - INFO - Logger Created !!
2015-11-22 21:51:15,197 - mylogger - INFO - Logger Created !!
2015-11-22 21:51:15,259 - mylogger - INFO - JobExecuter.run(): Ready to run jobs, total job count = 1
2015-11-22 21:51:15,259 - mylogger - INFO - JobExecuter.runJob: Ready to run job, total thread count = 1
2015-11-22 21:51:15,259 - mylogger - INFO - 產生瀏覽器物件
2015-11-22 21:51:17,311 - mylogger - INFO - 連線網頁 <http://www.sunmoonlake.gov.tw//BuskersLogin.aspx> ...
2015-11-22 21:51:17,338 - mylogger - INFO - Logger Created !!
2015-11-22 21:51:25,038 - mylogger - INFO - 開始登入...
2015-11-22 21:51:29,779 - mylogger - INFO - Logger Created !!
2015-11-22 21:51:29,845 - mylogger - INFO - JobExecuter.run(): Ready to run jobs, total job count = 1
2015-11-22 21:51:29,846 - mylogger - INFO - JobExecuter.runJob: Ready to run job, total thread count = 1
2015-11-22 21:51:29,846 - mylogger - INFO - 產生瀏覽器物件
2015-11-22 21:51:31,903 - mylogger - INFO - 連線網頁 <http://www.sunmoonlake.gov.tw//BuskersLogin.aspx> ...
2015-11-22 21:51:32,081 - mylogger - INFO - 登入完成!!
2015-11-22 21:51:32,256 - mylogger - INFO - 開始查詢場地<文武廟前廣場 - 2015/11/26> ...
2015-11-22 21:51:36,526 - mylogger - INFO - 指定場地查詢完成!!
2015-11-22 21:51:36,526 - mylogger - INFO - 正在檢查開放更新，嚐試次數= 1 ...
2015-11-22 21:51:37,016 - mylogger - INFO - 日期<26> 已開放申請!!
2015-11-22 21:51:38,336 - mylogger - INFO - 開始登入...
2015-11-22 21:51:41,822 - mylogger - INFO - 發送申請中...場次代號: A
2015-11-22 21:51:44,638 - mylogger - INFO - 程式總經歷時間(sec)=29.3789999485
2015-11-22 21:51:44,638 - mylogger - INFO - 申請速度(按下查詢->完成申請)=12.382999897
2015-11-22 21:51:44,686 - mylogger - INFO - [<myGlobal.Account instance at 0x029018C8>, <myGlobal.Stage instance at 0x029018F0>, '\xe8\xa9\xb2\xe6\x99\x82\xe6\xae\xb5\xe5\xb7\xb2\xe8\xa2\xab\xe7\x94\xb3\xe8\xab\x8b!!']
2015-11-22 21:51:44,724 - mylogger - INFO - thread complete!!
2015-11-22 21:51:44,724 - mylogger - INFO - JobExecuter complete!!
2015-11-22 21:51:47,188 - mylogger - INFO - 登入完成!!
2015-11-22 21:51:47,359 - mylogger - INFO - 開始查詢場地<文武廟前廣場 - 2015/11/26> ...
2015-11-22 21:51:51,503 - mylogger - INFO - 指定場地查詢完成!!
2015-11-22 21:51:51,503 - mylogger - INFO - 正在檢查開放更新，嚐試次數= 1 ...
2015-11-22 21:51:52,005 - mylogger - INFO - 日期<26> 已開放申請!!
2015-11-22 21:51:54,878 - mylogger - INFO - 發送申請中...場次代號: A
2015-11-22 21:51:57,463 - mylogger - INFO - 程式總經歷時間(sec)=27.617000103
2015-11-22 21:51:57,463 - mylogger - INFO - 申請速度(按下查詢->完成申請)=10.1029999256
2015-11-22 21:51:57,509 - mylogger - INFO - [<myGlobal.Account instance at 0x029318C8>, <myGlobal.Stage instance at 0x029318F0>, '\xe8\xa9\xb2\xe6\x99\x82\xe6\xae\xb5\xe5\xb7\xb2\xe8\xa2\xab\xe7\x94\xb3\xe8\xab\x8b!!']
2015-11-22 21:51:57,551 - mylogger - INFO - thread complete!!
2015-11-22 21:51:57,551 - mylogger - INFO - JobExecuter complete!!
2015-11-22 21:53:36,407 - mylogger - INFO - Logger Created !!
2015-11-22 21:53:39,053 - mylogger - INFO - Logger Created !!
2015-11-22 21:53:39,115 - mylogger - INFO - JobExecuter.run(): Ready to run jobs, total job count = 1
2015-11-22 21:53:39,115 - mylogger - INFO - JobExecuter.runJob: Ready to run job, total thread count = 1
2015-11-22 21:53:39,115 - mylogger - INFO - 產生瀏覽器物件
2015-11-22 21:53:41,160 - mylogger - INFO - 連線網頁 <http://www.sunmoonlake.gov.tw//BuskersLogin.aspx> ...
2015-11-22 21:53:53,019 - mylogger - INFO - 開始登入...
2015-11-22 21:54:02,079 - mylogger - INFO - 登入完成!!
2015-11-22 21:54:02,234 - mylogger - INFO - 開始查詢場地<文武廟前廣場 - 2015/11/26> ...
2015-11-22 21:54:06,663 - mylogger - INFO - 指定場地查詢完成!!
2015-11-22 21:54:06,663 - mylogger - INFO - 正在檢查開放更新，嚐試次數= 1 ...
2015-11-22 21:54:07,236 - mylogger - INFO - 日期<26> 已開放申請!!
2015-11-22 21:54:10,816 - mylogger - INFO - 發送申請中...場次代號: A
2015-11-22 21:54:15,552 - mylogger - INFO - 程式總經歷時間(sec)=36.4370000362
2015-11-22 21:54:15,552 - mylogger - INFO - 申請速度(按下查詢->完成申請)=13.3180000782
2015-11-22 21:54:15,594 - mylogger - INFO - [<myGlobal.Account instance at 0x028018C8>, <myGlobal.Stage instance at 0x028018F0>, '\xe8\xa9\xb2\xe6\x99\x82\xe6\xae\xb5\xe5\xb7\xb2\xe8\xa2\xab\xe7\x94\xb3\xe8\xab\x8b!!']
2015-11-22 21:54:15,621 - mylogger - INFO - thread complete!!
2015-11-22 21:54:15,621 - mylogger - INFO - JobExecuter complete!!
2015-11-22 22:12:07,733 - 13340 - INFO - Logger Created !!
2015-11-22 22:12:10,905 - 10548 - INFO - Logger Created !!
2015-11-22 22:12:10,973 - 10548 - INFO - JobExecuter.run(): Ready to run jobs, total job count = 2
2015-11-22 22:12:10,973 - 12960 - INFO - JobExecuter.runJob: Ready to run job, total thread count = 1
2015-11-22 22:12:10,976 - 12660 - INFO - 產生瀏覽器物件
2015-11-22 22:12:10,976 - 13304 - INFO - JobExecuter.runJob: Ready to run job, total thread count = 2
2015-11-22 22:12:10,979 - 10264 - INFO - 產生瀏覽器物件
2015-11-22 22:12:12,980 - 10680 - INFO - 產生瀏覽器物件
2015-11-22 22:12:13,029 - 12660 - INFO - 連線網頁 <http://www.sunmoonlake.gov.tw//BuskersLogin.aspx> ...
2015-11-22 22:12:13,046 - 10264 - INFO - 連線網頁 <http://www.sunmoonlake.gov.tw//BuskersLogin.aspx> ...
2015-11-22 22:12:15,003 - 10680 - INFO - 連線網頁 <http://www.sunmoonlake.gov.tw//BuskersLogin.aspx> ...
2015-11-22 22:12:18,898 - 12660 - INFO - 開始登入...
2015-11-22 22:12:24,891 - 10264 - INFO - 開始登入...
2015-11-22 22:12:25,233 - 10680 - INFO - 開始登入...
2015-11-22 22:12:26,125 - 12660 - INFO - 登入完成!!
2015-11-22 22:12:26,311 - 12660 - INFO - 開始查詢場地<文武廟前廣場 - 2015/11/26> ...
2015-11-22 22:12:30,180 - 12660 - INFO - 指定場地查詢完成!!
2015-11-22 22:12:30,181 - 12660 - INFO - 正在檢查開放更新，嚐試次數= 1 ...
2015-11-22 22:12:30,737 - 12660 - INFO - 日期<26> 已開放申請!!
2015-11-22 22:12:31,859 - 10264 - INFO - 登入完成!!
2015-11-22 22:12:32,069 - 10680 - INFO - 登入完成!!
2015-11-22 22:12:32,076 - 10264 - INFO - 開始查詢場地<文武廟前廣場 - 2015/11/26> ...
2015-11-22 22:12:32,266 - 10680 - INFO - 開始查詢場地<文武廟前廣場 - 2015/11/26> ...
2015-11-22 22:12:33,566 - 12660 - INFO - 發送申請中...場次代號: A
2015-11-22 22:12:36,680 - 10680 - INFO - 指定場地查詢完成!!
2015-11-22 22:12:36,680 - 10680 - INFO - 正在檢查開放更新，嚐試次數= 1 ...
2015-11-22 22:12:36,683 - 10264 - INFO - 指定場地查詢完成!!
2015-11-22 22:12:36,683 - 10264 - INFO - 正在檢查開放更新，嚐試次數= 1 ...
2015-11-22 22:12:37,128 - 12660 - INFO - 程式總經歷時間(sec)=26.1510000229
2015-11-22 22:12:37,128 - 12660 - INFO - 申請速度(按下查詢->完成申請)=10.8169999123
2015-11-22 22:12:37,193 - 12660 - INFO - [<myGlobal.Account instance at 0x028218C8>, <myGlobal.Stage instance at 0x028218F0>, '\xe8\xa9\xb2\xe6\x99\x82\xe6\xae\xb5\xe5\xb7\xb2\xe8\xa2\xab\xe7\x94\xb3\xe8\xab\x8b!!']
2015-11-22 22:12:37,296 - 12960 - INFO - thread complete!!
2015-11-22 22:12:37,421 - 10264 - INFO - 日期<26> 已開放申請!!
2015-11-22 22:12:37,473 - 10680 - INFO - 日期<26> 已開放申請!!
2015-11-22 22:12:40,151 - 10264 - INFO - 發送申請中...場次代號: A
2015-11-22 22:12:40,634 - 10680 - INFO - 發送申請中...場次代號: A
2015-11-22 22:12:43,039 - 10264 - INFO - 程式總經歷時間(sec)=32.0599999428
2015-11-22 22:12:43,039 - 10264 - INFO - 申請速度(按下查詢->完成申請)=10.9620001316
2015-11-22 22:12:43,085 - 10264 - INFO - [<myGlobal.Account instance at 0x028218C8>, <myGlobal.Stage instance at 0x028218F0>, '\xe8\xa9\xb2\xe6\x99\x82\xe6\xae\xb5\xe5\xb7\xb2\xe8\xa2\xab\xe7\x94\xb3\xe8\xab\x8b!!']
2015-11-22 22:12:43,588 - 10680 - INFO - 程式總經歷時間(sec)=30.6089999676
2015-11-22 22:12:43,588 - 10680 - INFO - 申請速度(按下查詢->完成申請)=11.3210000992
2015-11-22 22:12:43,632 - 10680 - INFO - [<myGlobal.Account instance at 0x028218C8>, <myGlobal.Stage instance at 0x028218F0>, '\xe8\xa9\xb2\xe6\x99\x82\xe6\xae\xb5\xe5\xb7\xb2\xe8\xa2\xab\xe7\x94\xb3\xe8\xab\x8b!!']
2015-11-22 22:12:43,680 - 13304 - INFO - thread complete!!
2015-11-22 22:12:43,681 - 10548 - INFO - JobExecuter complete!!
2015-11-22 22:13:02,858 -Id=10344 - INFO - Logger Created !!
2015-11-22 22:13:04,607 -Id=13584 - INFO - Logger Created !!
2015-11-22 22:13:04,667 -Id=13584 - INFO - JobExecuter.run(): Ready to run jobs, total job count = 2
2015-11-22 22:13:04,667 -Id=14260 - INFO - JobExecuter.runJob: Ready to run job, total thread count = 1
2015-11-22 22:13:04,668 -Id=11532 - INFO - JobExecuter.runJob: Ready to run job, total thread count = 2
2015-11-22 22:13:04,668 -Id=8688 - INFO - 產生瀏覽器物件
2015-11-22 22:13:04,668 -Id=11536 - INFO - 產生瀏覽器物件
2015-11-22 22:13:06,670 -Id=12292 - INFO - 產生瀏覽器物件
2015-11-22 22:13:06,723 -Id=11536 - INFO - 連線網頁 <http://www.sunmoonlake.gov.tw//BuskersLogin.aspx> ...
2015-11-22 22:13:06,726 -Id=8688 - INFO - 連線網頁 <http://www.sunmoonlake.gov.tw//BuskersLogin.aspx> ...
2015-11-22 22:13:08,694 -Id=12292 - INFO - 連線網頁 <http://www.sunmoonlake.gov.tw//BuskersLogin.aspx> ...
2015-11-22 22:13:12,701 -Id=8688 - INFO - 開始登入...
2015-11-22 22:13:20,052 -Id=8688 - INFO - 登入完成!!
2015-11-22 22:13:20,122 -Id=11536 - INFO - 開始登入...
2015-11-22 22:13:20,298 -Id=8688 - INFO - 開始查詢場地<文武廟前廣場 - 2015/11/26> ...
2015-11-22 22:13:21,055 -Id=12292 - INFO - 開始登入...
2015-11-22 22:13:24,055 -Id=8688 - INFO - 指定場地查詢完成!!
2015-11-22 22:13:24,055 -Id=8688 - INFO - 正在檢查開放更新，嚐試次數= 1 ...
2015-11-22 22:13:24,582 -Id=8688 - INFO - 日期<26> 已開放申請!!
2015-11-22 22:13:28,073 -Id=8688 - INFO - 發送申請中...場次代號: A
2015-11-22 22:13:28,838 -Id=11536 - INFO - 登入完成!!
2015-11-22 22:13:29,033 -Id=11536 - INFO - 開始查詢場地<文武廟前廣場 - 2015/11/26> ...
2015-11-22 22:13:29,441 -Id=12292 - INFO - 登入完成!!
2015-11-22 22:13:29,651 -Id=12292 - INFO - 開始查詢場地<文武廟前廣場 - 2015/11/26> ...
2015-11-22 22:13:31,704 -Id=8688 - INFO - 程式總經歷時間(sec)=27.0360000134
2015-11-22 22:13:31,704 -Id=8688 - INFO - 申請速度(按下查詢->完成申請)=11.4059998989
2015-11-22 22:13:31,746 -Id=8688 - INFO - [<myGlobal.Account instance at 0x028718C8>, <myGlobal.Stage instance at 0x028718F0>, '\xe8\xa9\xb2\xe6\x99\x82\xe6\xae\xb5\xe5\xb7\xb2\xe8\xa2\xab\xe7\x94\xb3\xe8\xab\x8b!!']
2015-11-22 22:13:31,775 -Id=14260 - INFO - thread complete!!
2015-11-22 22:13:34,173 -Id=11536 - INFO - 指定場地查詢完成!!
2015-11-22 22:13:34,173 -Id=11536 - INFO - 正在檢查開放更新，嚐試次數= 1 ...
2015-11-22 22:13:34,707 -Id=11536 - INFO - 日期<26> 已開放申請!!
2015-11-22 22:13:34,994 -Id=12292 - INFO - 指定場地查詢完成!!
2015-11-22 22:13:34,994 -Id=12292 - INFO - 正在檢查開放更新，嚐試次數= 1 ...
2015-11-22 22:13:35,549 -Id=12292 - INFO - 日期<26> 已開放申請!!
2015-11-22 22:13:38,216 -Id=11536 - INFO - 發送申請中...場次代號: A
2015-11-22 22:13:38,592 -Id=12292 - INFO - 發送申請中...場次代號: A
2015-11-22 22:13:41,897 -Id=11536 - INFO - 程式總經歷時間(sec)=37.228000164
2015-11-22 22:13:41,898 -Id=11536 - INFO - 申請速度(按下查詢->完成申請)=12.8630001545
2015-11-22 22:13:41,937 -Id=11536 - INFO - [<myGlobal.Account instance at 0x028718C8>, <myGlobal.Stage instance at 0x028718F0>, '\xe8\xa9\xb2\xe6\x99\x82\xe6\xae\xb5\xe5\xb7\xb2\xe8\xa2\xab\xe7\x94\xb3\xe8\xab\x8b!!']
2015-11-22 22:13:43,088 -Id=12292 - INFO - 程式總經歷時間(sec)=36.4189999104
2015-11-22 22:13:43,089 -Id=12292 - INFO - 申請速度(按下查詢->完成申請)=13.4370000362
2015-11-22 22:13:43,128 -Id=12292 - INFO - [<myGlobal.Account instance at 0x028718C8>, <myGlobal.Stage instance at 0x028718F0>, '\xe8\xa9\xb2\xe6\x99\x82\xe6\xae\xb5\xe5\xb7\xb2\xe8\xa2\xab\xe7\x94\xb3\xe8\xab\x8b!!']
2015-11-22 22:13:43,151 -Id=11532 - INFO - thread complete!!
2015-11-22 22:13:43,151 -Id=13584 - INFO - JobExecuter complete!!
